[    0.000000] Initializing cgroup subsys cpuset
[    0.000000] Initializing cgroup subsys cpu
[    0.000000] Initializing cgroup subsys cpuacct
[    0.000000] Linux version 4.4.0-112-generic (buildd@lgw01-amd64-010) (gcc version 5.4.0 20160609 (Ubuntu 5.4.0-6ubuntu1~16.04.5) ) #135-Ubuntu SMP Fri Jan 19 11:48:36 UTC 2018 (Ubuntu 4.4.0-112.135-generic 4.4.98)
[    0.000000] Command line: BOOT_IMAGE=/boot/vmlinuz-4.4.0-112-generic root=LABEL=cloudimg-rootfs ro console=tty1 console=ttyS0
[    0.000000] KERNEL supported cpus:
[    0.000000]   Intel GenuineIntel
[    0.000000]   AMD AuthenticAMD
[    0.000000]   Centaur CentaurHauls
[    0.000000] x86/fpu: xstate_offset[2]:  576, xstate_sizes[2]:  256
[    0.000000] x86/fpu: Supporting XSAVE feature 0x01: 'x87 floating point registers'
[    0.000000] x86/fpu: Supporting XSAVE feature 0x02: 'SSE registers'
[    0.000000] x86/fpu: Supporting XSAVE feature 0x04: 'AVX registers'
[    0.000000] x86/fpu: Enabled xstate features 0x7, context size is 832 bytes, using 'standard' format.
[    0.000000] x86/fpu: Using 'lazy' FPU context switches.
[    0.000000] e820: BIOS-provided physical RAM map:
[    0.000000] BIOS-e820: [mem 0x0000000000000000-0x000000000009fbff] usable
[    0.000000] BIOS-e820: [mem 0x000000000009fc00-0x000000000009ffff] reserved
[    0.000000] BIOS-e820: [mem 0x00000000000f0000-0x00000000000fffff] reserved
[    0.000000] BIOS-e820: [mem 0x0000000000100000-0x000000003ffeffff] usable
[    0.000000] BIOS-e820: [mem 0x000000003fff0000-0x000000003fffffff] ACPI data
[    0.000000] BIOS-e820: [mem 0x00000000fec00000-0x00000000fec00fff] reserved
[    0.000000] BIOS-e820: [mem 0x00000000fee00000-0x00000000fee00fff] reserved
[    0.000000] BIOS-e820: [mem 0x00000000fffc0000-0x00000000ffffffff] reserved
[    0.000000] NX (Execute Disable) protection: active
[    0.000000] SMBIOS 2.5 present.
[    0.000000] Hypervisor detected: KVM
[    0.000000] e820: last_pfn = 0x3fff0 max_arch_pfn = 0x400000000
[    0.000000] MTRR: Disabled
[    0.000000] x86/PAT: MTRRs disabled, skipping PAT initialization too.
[    0.000000] CPU MTRRs all blank - virtualized system.
[    0.000000] x86/PAT: Configuration [0-7]: WB  WT  UC- UC  WB  WT  UC- UC  
[    0.000000] found SMP MP-table at [mem 0x0009fff0-0x0009ffff] mapped at [ffff88000009fff0]
[    0.000000] Scanning 1 areas for low memory corruption
[    0.000000] RAMDISK: [mem 0x36acc000-0x3755dfff]
[    0.000000] ACPI: Early table checksum verification disabled
[    0.000000] ACPI: RSDP 0x00000000000E0000 000024 (v02 VBOX  )
[    0.000000] ACPI: XSDT 0x000000003FFF0030 00003C (v01 VBOX   VBOXXSDT 00000001 ASL  00000061)
[    0.000000] ACPI: FACP 0x000000003FFF00F0 0000F4 (v04 VBOX   VBOXFACP 00000001 ASL  00000061)
[    0.000000] ACPI: DSDT 0x000000003FFF04A0 0021FF (v02 VBOX   VBOXBIOS 00000002 INTL 20100528)
[    0.000000] ACPI: FACS 0x000000003FFF0200 000040
[    0.000000] ACPI: FACS 0x000000003FFF0200 000040
[    0.000000] ACPI: APIC 0x000000003FFF0240 00008C (v02 VBOX   VBOXAPIC 00000001 ASL  00000061)
[    0.000000] ACPI: SSDT 0x000000003FFF02D0 0001CC (v01 VBOX   VBOXCPUT 00000002 INTL 20100528)
[    0.000000] No NUMA configuration found
[    0.000000] Faking a node at [mem 0x0000000000000000-0x000000003ffeffff]
[    0.000000] NODE_DATA(0) allocated [mem 0x3ffeb000-0x3ffeffff]
[    0.000000] kvm-clock: Using msrs 4b564d01 and 4b564d00
[    0.000000] kvm-clock: cpu 0, msr 0:3ffe3001, primary cpu clock
[    0.000000] kvm-clock: using sched offset of 4822993996 cycles
[    0.000000] clocksource: kvm-clock: mask: 0xffffffffffffffff max_cycles: 0x1cd42e4dffb, max_idle_ns: 881590591483 ns
[    0.000000] Zone ranges:
[    0.000000]   DMA      [mem 0x0000000000001000-0x0000000000ffffff]
[    0.000000]   DMA32    [mem 0x0000000001000000-0x000000003ffeffff]
[    0.000000]   Normal   empty
[    0.000000]   Device   empty
[    0.000000] Movable zone start for each node
[    0.000000] Early memory node ranges
[    0.000000]   node   0: [mem 0x0000000000001000-0x000000000009efff]
[    0.000000]   node   0: [mem 0x0000000000100000-0x000000003ffeffff]
[    0.000000] Initmem setup node 0 [mem 0x0000000000001000-0x000000003ffeffff]
[    0.000000] ACPI: PM-Timer IO Port: 0x4008
[    0.000000] IOAPIC[0]: apic_id 8, version 32, address 0xfec00000, GSI 0-23
[    0.000000] ACPI: INT_SRC_OVR (bus 0 bus_irq 0 global_irq 2 dfl dfl)
[    0.000000] ACPI: INT_SRC_OVR (bus 0 bus_irq 9 global_irq 9 high level)
[    0.000000] Using ACPI (MADT) for SMP configuration information
[    0.000000] smpboot: Allowing 8 CPUs, 0 hotplug CPUs
[    0.000000] PM: Registered nosave memory: [mem 0x00000000-0x00000fff]
[    0.000000] PM: Registered nosave memory: [mem 0x0009f000-0x0009ffff]
[    0.000000] PM: Registered nosave memory: [mem 0x000a0000-0x000effff]
[    0.000000] PM: Registered nosave memory: [mem 0x000f0000-0x000fffff]
[    0.000000] e820: [mem 0x40000000-0xfebfffff] available for PCI devices
[    0.000000] Booting paravirtualized kernel on KVM
[    0.000000] clocksource: refined-jiffies: mask: 0xffffffff max_cycles: 0xffffffff, max_idle_ns: 7645519600211568 ns
[    0.000000] setup_percpu: NR_CPUS:512 nr_cpumask_bits:512 nr_cpu_ids:8 nr_node_ids:1
[    0.000000] PERCPU: Embedded 34 pages/cpu @ffff88003fc00000 s99544 r8192 d31528 u262144
[    0.000000] PV qspinlock hash table entries: 256 (order: 0, 4096 bytes)
[    0.000000] Built 1 zonelists in Node order, mobility grouping on.  Total pages: 257913
[    0.000000] Policy zone: DMA32
[    0.000000] Kernel command line: BOOT_IMAGE=/boot/vmlinuz-4.4.0-112-generic root=LABEL=cloudimg-rootfs ro console=tty1 console=ttyS0
[    0.000000] PID hash table entries: 4096 (order: 3, 32768 bytes)
[    0.000000] Memory: 1000892K/1048120K available (8499K kernel code, 1309K rwdata, 3988K rodata, 1508K init, 1316K bss, 47228K reserved, 0K cma-reserved)
[    0.000000] SLUB: HWalign=64, Order=0-3, MinObjects=0, CPUs=8, Nodes=1
[    0.000000] Kernel/User page tables isolation: enabled
[    0.000000] Hierarchical RCU implementation.
[    0.000000] 	Build-time adjustment of leaf fanout to 64.
[    0.000000] 	RCU restricting CPUs from NR_CPUS=512 to nr_cpu_ids=8.
[    0.000000] RCU: Adjusting geometry for rcu_fanout_leaf=64, nr_cpu_ids=8
[    0.000000] NR_IRQS:33024 nr_irqs:488 16
[    0.000000] Console: colour VGA+ 80x25
[    0.000000] console [tty1] enabled
[    0.000000] console [ttyS0] enabled
[    0.000000] tsc: Detected 3312.000 MHz processor
[    2.684792] Calibrating delay loop (skipped) preset value.. 6624.00 BogoMIPS (lpj=13248000)
[    2.712902] pid_max: default: 32768 minimum: 301
[    2.730258] ACPI: Core revision 20150930
[    2.742363] ACPI: 2 ACPI AML tables successfully acquired and loaded
[    2.749304] Security Framework initialized
[    2.757518] Yama: becoming mindful.
[    2.759794] AppArmor: AppArmor initialized
[    2.770246] Dentry cache hash table entries: 131072 (order: 8, 1048576 bytes)
[    2.833626] Inode-cache hash table entries: 65536 (order: 7, 524288 bytes)
[    2.841044] Mount-cache hash table entries: 2048 (order: 2, 16384 bytes)
[    2.867684] Mountpoint-cache hash table entries: 2048 (order: 2, 16384 bytes)
[    2.918767] Initializing cgroup subsys io
[    2.925671] Initializing cgroup subsys memory
[    2.949310] Initializing cgroup subsys devices
[    3.031831] Initializing cgroup subsys freezer
[    3.091336] Initializing cgroup subsys net_cls
[    3.104557] Initializing cgroup subsys perf_event
[    3.122927] Initializing cgroup subsys net_prio
[    3.131567] Initializing cgroup subsys hugetlb
[    3.140585] Initializing cgroup subsys pids
[    3.144094] CPU: Physical Processor ID: 0
[    3.154050] CPU: Processor Core ID: 0
[    3.156372] FEATURE SPEC_CTRL Not Present
[    3.165398] mce: CPU supports 0 MCE banks
[    3.168805] Last level iTLB entries: 4KB 64, 2MB 8, 4MB 8
[    3.195751] Last level dTLB entries: 4KB 64, 2MB 0, 4MB 0, 1GB 4
[    3.335395] Freeing SMP alternatives memory: 32K
[    3.468212] ftrace: allocating 32180 entries in 126 pages
[    3.730477] smpboot: APIC(0) Converting physical 0 to logical package 0
[    3.784204] smpboot: Max logical packages: 1
[    3.792117] x2apic enabled
[    3.801734] Switched APIC routing to physical x2apic.
[    3.818493] ..TIMER: vector=0x30 apic1=0 pin1=2 apic2=-1 pin2=-1
[    3.955419] smpboot: CPU0: Intel(R) Core(TM) i5-7287U CPU @ 3.30GHz (family: 0x6, model: 0x8e, stepping: 0x9)
[    4.095649] Performance Events: unsupported p6 CPU model 142 no PMU driver, software events only.
[    4.126540] KVM setup paravirtual spinlock
[    4.148152] x86: Booting SMP configuration:
[    4.166766] .... node  #0, CPUs:      #1
[    4.176367] kvm-clock: cpu 1, msr 0:3ffe3041, secondary cpu clock
[    4.332615] mce: CPU supports 0 MCE banks
[    4.424121]  #2
[    4.484542] kvm-clock: cpu 2, msr 0:3ffe3081, secondary cpu clock
[    4.637118] mce: CPU supports 0 MCE banks
[    4.693936]  #3
[    4.701089] kvm-clock: cpu 3, msr 0:3ffe30c1, secondary cpu clock
[    4.822462] mce: CPU supports 0 MCE banks
[    4.876768]  #4
[    4.881056] kvm-clock: cpu 4, msr 0:3ffe3101, secondary cpu clock
[    4.957535] mce: CPU supports 0 MCE banks
[    5.068106]  #5
[    5.091087] kvm-clock: cpu 5, msr 0:3ffe3141, secondary cpu clock
[    5.130948] mce: CPU supports 0 MCE banks
[    5.198660]  #6
[    5.202431] kvm-clock: cpu 6, msr 0:3ffe3181, secondary cpu clock
[    5.343838] mce: CPU supports 0 MCE banks
[    5.427969]  #7
[    5.429918] kvm-clock: cpu 7, msr 0:3ffe31c1, secondary cpu clock
[    5.456723] mce: CPU supports 0 MCE banks
[    5.576305] x86: Booted up 1 node, 8 CPUs
[    5.609025] smpboot: Total of 8 processors activated (52992.00 BogoMIPS)
[    5.617488] devtmpfs: initialized
[    5.642646] evm: security.selinux
[    5.682327] evm: security.SMACK64
[    5.696112] evm: security.SMACK64EXEC
[    5.704650] evm: security.SMACK64TRANSMUTE
[    5.817341] evm: security.SMACK64MMAP
[    5.937252] evm: security.ima
[    5.962395] evm: security.capability
[    5.976761] clocksource: jiffies: mask: 0xffffffff max_cycles: 0xffffffff, max_idle_ns: 7645041785100000 ns
[    6.004519] futex hash table entries: 2048 (order: 5, 131072 bytes)
[    6.014946] pinctrl core: initialized pinctrl subsystem
[    6.018741] RTC time:  0:12:58, date: 02/19/18
[    6.031628] NET: Registered protocol family 16
[    6.063244] cpuidle: using governor ladder
[    6.084703] cpuidle: using governor menu
[    6.179302] PCCT header not found.
[    6.271888] ACPI: bus type PCI registered
[    6.395182] acpiphp: ACPI Hot Plug PCI Controller Driver version: 0.5
[    6.467968] PCI: Using configuration type 1 for base access
[    6.503497] ACPI: Added _OSI(Module Device)
[    6.508227] ACPI: Added _OSI(Processor Device)
[    6.514016] ACPI: Added _OSI(3.0 _SCP Extensions)
[    6.518988] ACPI: Added _OSI(Processor Aggregator Device)
[    6.527511] ACPI: Executed 1 blocks of module-level executable AML code
[    6.545802] ACPI: Interpreter enabled
[    6.548514] ACPI: (supports S0 S5)
[    6.550375] ACPI: Using IOAPIC for interrupt routing
[    6.560407] PCI: Using host bridge windows from ACPI; if necessary, use "pci=nocrs" and report a bug
[    6.591453] ACPI: PCI Root Bridge [PCI0] (domain 0000 [bus 00-ff])
[    6.718602] acpi PNP0A03:00: _OSC: OS supports [ASPM ClockPM Segments MSI]
[    6.854536] acpi PNP0A03:00: _OSC: not requesting OS control; OS requires [ExtendedConfig ASPM ClockPM MSI]
[    7.042204] acpi PNP0A03:00: fail to add MMCONFIG information, can't access extended PCI configuration space under this bridge.
[    7.271239] PCI host bridge to bus 0000:00
[    7.350462] pci_bus 0000:00: root bus resource [io  0x0000-0x0cf7 window]
[    7.362235] pci_bus 0000:00: root bus resource [io  0x0d00-0xffff window]
[    7.371506] pci_bus 0000:00: root bus resource [mem 0x000a0000-0x000bffff window]
[    7.438316] pci_bus 0000:00: root bus resource [mem 0x40000000-0xffdfffff window]
[    7.598833] pci_bus 0000:00: root bus resource [bus 00-ff]
[    7.616628] pci 0000:00:01.1: legacy IDE quirk: reg 0x10: [io  0x01f0-0x01f7]
[    7.625783] pci 0000:00:01.1: legacy IDE quirk: reg 0x14: [io  0x03f6]
[    7.631611] pci 0000:00:01.1: legacy IDE quirk: reg 0x18: [io  0x0170-0x0177]
[    7.643462] pci 0000:00:01.1: legacy IDE quirk: reg 0x1c: [io  0x0376]
[    8.171659] pci 0000:00:07.0: quirk: [io  0x4000-0x403f] claimed by PIIX4 ACPI
[    8.262290] pci 0000:00:07.0: quirk: [io  0x4100-0x410f] claimed by PIIX4 SMB
[    8.289581] ACPI: PCI Interrupt Link [LNKA] (IRQs 5 9 10 *11)
[    8.308452] ACPI: PCI Interrupt Link [LNKB] (IRQs 5 9 10 *11)
[    8.342062] ACPI: PCI Interrupt Link [LNKC] (IRQs 5 9 *10 11)
[    8.436872] ACPI: PCI Interrupt Link [LNKD] (IRQs 5 *9 10 11)
[    8.566963] ACPI: Enabled 2 GPEs in block 00 to 07
[    8.736905] vgaarb: setting as boot device: PCI:0000:00:02.0
[    8.779569] vgaarb: device added: PCI:0000:00:02.0,decodes=io+mem,owns=io+mem,locks=none
[    8.807237] vgaarb: loaded
[    8.822956] vgaarb: bridge control possible 0000:00:02.0
[    8.864739] SCSI subsystem initialized
[    8.915187] ACPI: bus type USB registered
[    8.967648] usbcore: registered new interface driver usbfs
[    9.026097] usbcore: registered new interface driver hub
[    9.064850] usbcore: registered new device driver usb
[    9.088940] PCI: Using ACPI for IRQ routing
[    9.156493] NetLabel: Initializing
[    9.206658] NetLabel:  domain hash size = 128
[    9.225882] NetLabel:  protocols = UNLABELED CIPSOv4
[    9.251030] NetLabel:  unlabeled traffic allowed by default
[    9.284246] amd_nb: Cannot enumerate AMD northbridges
[    9.569986] clocksource: Switched to clocksource kvm-clock
[    9.608792] AppArmor: AppArmor Filesystem Enabled
[    9.684340] pnp: PnP ACPI init
[    9.690802] pnp: PnP ACPI: found 3 devices
[    9.755592] clocksource: acpi_pm: mask: 0xffffff max_cycles: 0xffffff, max_idle_ns: 2085701024 ns
[    9.861843] NET: Registered protocol family 2
[    9.894732] TCP established hash table entries: 8192 (order: 4, 65536 bytes)
[    9.940203] TCP bind hash table entries: 8192 (order: 5, 131072 bytes)
[    9.955639] TCP: Hash tables configured (established 8192 bind 8192)
[   10.086702] UDP hash table entries: 512 (order: 2, 16384 bytes)
[   10.252457] UDP-Lite hash table entries: 512 (order: 2, 16384 bytes)
[   10.433763] NET: Registered protocol family 1
[   10.574950] pci 0000:00:00.0: Limiting direct PCI/PCI transfers
[   10.661627] pci 0000:00:01.0: Activating ISA DMA hang workarounds
[   10.687335] Unpacking initramfs...
[   13.820286] Freeing initrd memory: 10824K
[   13.942754] platform rtc_cmos: registered platform RTC device (no PNP device found)
[   14.029678] Scanning for low memory corruption every 60 seconds
[   14.121751] audit: initializing netlink subsys (disabled)
[   14.151410] audit: type=2000 audit(1518999187.248:1): initialized
[   14.186406] Initialise system trusted keyring
[   14.203374] HugeTLB registered 2 MB page size, pre-allocated 0 pages
[   14.231515] zbud: loaded
[   14.244767] VFS: Disk quotas dquot_6.6.0
[   14.252717] VFS: Dquot-cache hash table entries: 512 (order 0, 4096 bytes)
[   14.288091] squashfs: version 4.0 (2009/01/31) Phillip Lougher
[   14.309693] fuse init (API version 7.23)
[   14.319449] Key type big_key registered
[   14.343971] Allocating IMA MOK and blacklist keyrings.
[   14.446177] Key type asymmetric registered
[   14.518258] Asymmetric key parser 'x509' registered
[   14.606231] Block layer SCSI generic (bsg) driver version 0.4 loaded (major 249)
[   14.666070] io scheduler noop registered
[   14.683711] io scheduler deadline registered (default)
[   14.698502] io scheduler cfq registered
[   14.700116] pci_hotplug: PCI Hot Plug PCI Core version: 0.5
[   14.708418] pciehp: PCI Express Hot Plug Controller Driver version: 0.4
[   14.768097] ACPI: AC Adapter [AC] (off-line)
[   14.776865] input: Power Button as /devices/LNXSYSTM:00/LNXPWRBN:00/input/input0
[   14.786846] ACPI: Power Button [PWRF]
[   14.797153] input: Sleep Button as /devices/LNXSYSTM:00/LNXSLPBN:00/input/input1
[   14.799212] ACPI: Sleep Button [SLPF]
[   14.803787] GHES: HEST is not enabled!
[   14.805105] ACPI: Battery Slot [BAT0] (battery present)
[   14.827521] Serial: 8250/16550 driver, 32 ports, IRQ sharing enabled
[   14.941322] tsc: Refined TSC clocksource calibration: 3312.102 MHz
[   14.941325] clocksource: tsc: mask: 0xffffffffffffffff max_cycles: 0x2fbdf43e0fe, max_idle_ns: 440795235599 ns
[   15.102879] 00:02: ttyS0 at I/O 0x3f8 (irq = 4, base_baud = 115200) is a 16550A
[   15.112357] Linux agpgart interface v0.103
[   15.164283] loop: module loaded
[   15.172793] scsi host0: ata_piix
[   15.180059] scsi host1: ata_piix
[   15.190457] ata1: PATA max UDMA/33 cmd 0x1f0 ctl 0x3f6 bmdma 0xd000 irq 14
[   15.258167] ata2: PATA max UDMA/33 cmd 0x170 ctl 0x376 bmdma 0xd008 irq 15
[   15.270665] libphy: Fixed MDIO Bus: probed
[   15.272094] tun: Universal TUN/TAP device driver, 1.6
[   15.277876] tun: (C) 1999-2004 Max Krasnyansky <maxk@qualcomm.com>
[   15.308119] PPP generic driver version 2.4.2
[   15.341201] ehci_hcd: USB 2.0 'Enhanced' Host Controller (EHCI) Driver
[   15.351721] ehci-pci: EHCI PCI platform driver
[   15.405098] ehci-platform: EHCI generic platform driver
[   15.423854] ohci_hcd: USB 1.1 'Open' Host Controller (OHCI) Driver
[   15.445853] ohci-pci: OHCI PCI platform driver
[   15.464386] ohci-platform: OHCI generic platform driver
[   15.557415] uhci_hcd: USB Universal Host Controller Interface driver
[   15.568533] i8042: PNP: PS/2 Controller [PNP0303:PS2K,PNP0f03:PS2M] at 0x60,0x64 irq 1,12
[   15.620983] serio: i8042 KBD port at 0x60,0x64 irq 1
[   15.641857] serio: i8042 AUX port at 0x60,0x64 irq 12
[   15.671644] mousedev: PS/2 mouse device common for all mice
[   15.695540] input: AT Translated Set 2 keyboard as /devices/platform/i8042/serio0/input/input2
[   15.704370] rtc_cmos rtc_cmos: rtc core: registered rtc_cmos as rtc0
[   15.875227] rtc_cmos rtc_cmos: alarms up to one day, 114 bytes nvram
[   16.005225] i2c /dev entries driver
[   16.010431] device-mapper: uevent: version 1.0.3
[   16.015523] device-mapper: ioctl: 4.34.0-ioctl (2015-10-28) initialised: dm-devel@redhat.com
[   16.034874] ledtrig-cpu: registered to indicate activity on CPUs
[   16.061019] NET: Registered protocol family 10
[   16.070008] NET: Registered protocol family 17
[   16.094776] Key type dns_resolver registered
[   16.114964] microcode: CPU0 sig=0x806e9, pf=0x8, revision=0x0
[   16.165684] microcode: CPU1 sig=0x806e9, pf=0x8, revision=0x0
[   16.169127] microcode: CPU2 sig=0x806e9, pf=0x8, revision=0x0
[   16.173360] microcode: CPU3 sig=0x806e9, pf=0x8, revision=0x0
[   16.213946] microcode: CPU4 sig=0x806e9, pf=0x8, revision=0x0
[   16.238412] microcode: CPU5 sig=0x806e9, pf=0x8, revision=0x0
[   16.291485] microcode: CPU6 sig=0x806e9, pf=0x8, revision=0x0
[   16.347998] microcode: CPU7 sig=0x806e9, pf=0x8, revision=0x0
[   16.498992] microcode: Microcode Update Driver: v2.01 <tigran@aivazian.fsnet.co.uk>, Peter Oruba
[   16.510992] registered taskstats version 1
[   16.517597] Loading compiled-in X.509 certificates
[   16.560038] Loaded X.509 cert 'Build time autogenerated kernel key: 4c603087bab8f0a02cb3b4e1fb4c40f507e71ef1'
[   16.598208] zswap: loaded using pool lzo/zbud
[   16.684855] Key type trusted registered
[   16.770060] Key type encrypted registered
[   16.788022] AppArmor: AppArmor sha1 policy hashing enabled
[   16.798866] ima: No TPM chip found, activating TPM-bypass!
[   16.832600] evm: HMAC attrs: 0x1
[   16.850411]   Magic number: 6:566:203
[   16.861605] rtc_cmos rtc_cmos: setting system clock to 2018-02-19 00:13:09 UTC (1518999189)
[   16.898327] BIOS EDD facility v0.16 2004-Jun-25, 0 devices found
[   16.914735] EDD information not available.
[   16.928587] Freeing unused kernel memory: 1508K
[   16.948315] Write protecting the kernel read-only data: 14336k
[   16.967393] Freeing unused kernel memory: 1728K
[   16.975009] Freeing unused kernel memory: 108K
Loading, please [   17.072750] random: systemd-udevd: uninitialized urandom read (16 bytes read, 9 bits of entropy available)
wait...
startin[   17.079156] random: udevadm: uninitialized urandom read (16 bytes read, 9 bits of entropy available)
g version 229
[   17.079182] random: udevadm: uninitialized urandom read (16 bytes read, 9 bits of entropy available)
[   17.099337] random: udevadm: uninitialized urandom read (16 bytes read, 9 bits of entropy available)
[   17.099389] random: udevadm: uninitialized urandom read (16 bytes read, 9 bits of entropy available)
[   17.099973] random: udevadm: uninitialized urandom read (16 bytes read, 9 bits of entropy available)
[   17.100051] random: udevadm: uninitialized urandom read (16 bytes read, 9 bits of entropy available)
[   17.100123] random: udevadm: uninitialized urandom read (16 bytes read, 9 bits of entropy available)
[   17.100187] random: udevadm: uninitialized urandom read (16 bytes read, 9 bits of entropy available)
[   17.100251] random: udevadm: uninitialized urandom read (16 bytes read, 9 bits of entropy available)
[   17.535228] e1000: Intel(R) PRO/1000 Network Driver - version 7.3.21-k8-NAPI
[   17.629602] e1000: Copyright (c) 1999-2006 Intel Corporation.
[   17.903230] AVX version of gcm_enc/dec engaged.
[   17.913327] AES CTR mode by8 optimization enabled
[   18.000341] input: ImExPS/2 Generic Explorer Mouse as /devices/platform/i8042/serio1/input/input4
[   18.156835] Fusion MPT base driver 3.04.20
[   18.238202] Copyright (c) 1999-2008 LSI Corporation
[   18.307880] Fusion MPT SPI Host driver 3.04.20
[   18.537878] e1000 0000:00:03.0 eth0: (PCI:33MHz:32-bit) 02:66:2d:c5:e5:fb
[   18.573047] e1000 0000:00:03.0 eth0: Intel(R) PRO/1000 Network Connection
[   18.598923] mptbase: ioc0: Initiating bringup
[   18.599594] e1000 0000:00:03.0 enp0s3: renamed from eth0
[   18.713538] ioc0: LSI53C1030 A0: Capabilities={Initiator}
[   18.967265] scsi host2: ioc0: LSI53C1030 A0, FwRev=00000000h, Ports=1, MaxQ=256, IRQ=20
[   19.129713] scsi 2:0:0:0: Direct-Access     VBOX     HARDDISK         1.0  PQ: 0 ANSI: 5
[   19.311135] scsi target2:0:0: Beginning Domain Validation
[   19.352090] scsi target2:0:0: Domain Validation skipping write tests
[   19.393037] scsi target2:0:0: Ending Domain Validation
[   19.450332] scsi target2:0:0: asynchronous
[   19.536456] scsi 2:0:1:0: Direct-Access     VBOX     HARDDISK         1.0  PQ: 0 ANSI: 5
[   19.645710] scsi target2:0:1: Beginning Domain Validation
[   19.682603] scsi target2:0:1: Domain Validation skipping write tests
[   19.775770] scsi target2:0:1: Ending Domain Validation
[   19.836490] scsi target2:0:1: asynchronous
[   19.915862] sd 2:0:0:0: Attached scsi generic sg0 type 0
[   19.922442] sd 2:0:0:0: [sda] 20971520 512-byte logical blocks: (10.7 GB/10.0 GiB)
[   19.923881] sd 2:0:0:0: [sda] Write Protect is off
[   19.924440] sd 2:0:0:0: [sda] Incomplete mode parameter data
[   19.924441] sd 2:0:0:0: [sda] Assuming drive cache: write through
[   19.929134]  sda: sda1
[   19.931379] sd 2:0:0:0: [sda] Attached SCSI disk
[   20.339935] sd 2:0:1:0: Attached scsi generic sg1 type 0
[   20.353083] sd 2:0:1:0: [sdb] 20480 512-byte logical blocks: (10.5 MB/10.0 MiB)
[   20.355763] sd 2:0:1:0: [sdb] Write Protect is off
[   20.356241] sd 2:0:1:0: [sdb] Incomplete mode parameter data
[   20.356243] sd 2:0:1:0: [sdb] Assuming drive cache: write through
[   20.363124] sd 2:0:1:0: [sdb] Attached SCSI disk
[   20.711125] floppy0: no floppy controllers found
[   20.711230] work still pending
Begin: Loading e[   22.752903] md: linear personality registered for level -1
ssential drivers ... [   22.780257] md: multipath personality registered for level -4
[   22.815446] md: raid0 personality registered for level 0
[   22.858162] md: raid1 personality registered for level 1
[   22.969699] raid6: sse2x1   gen()  3761 MB/s
[   23.045332] raid6: sse2x1   xor()  2715 MB/s
[   23.123052] raid6: sse2x2   gen()  4700 MB/s
[   23.205595] raid6: sse2x2   xor()   542 MB/s
[   23.289672] raid6: sse2x4   gen()  2208 MB/s
[   23.369355] raid6: sse2x4   xor()  2955 MB/s
[   23.383506] raid6: using algorithm sse2x2 gen() 4700 MB/s
[   23.391306] raid6: .... xor() 542 MB/s, rmw enabled
[   23.402664] raid6: using ssse3x2 recovery algorithm
[   23.418154] xor: automatically using best checksumming function:
[   23.493949]    avx       : 16760.000 MB/sec
[   23.534791] async_tx: api initialized (async)
[   23.562802] md: raid6 personality registered for level 6
[   23.621923] md: raid5 personality registered for level 5
[   23.639916] md: raid4 personality registered for level 4
[   23.657858] md: raid10 personality registered for level 10
done.
Begin: Running /scripts/init-premount ... done.
Begin: M[   23.710441] Btrfs loaded
ounting root file system ... Begin: Running /scripts/local-top ... done.
Begin: Running /scripts/local-premount ... Scanning fo[   23.811066] EXT4-fs (sda1): mounted filesystem with ordered data mode. Opts: (null)
r Btrfs filesystems
done.
Warning: fsck not present, so skipping root file system
done.
Begin: Running /scripts/local-bottom ... done.
Begin: Running /scripts/init-bottom ... done.
[   24.266604] systemd[1]: systemd 229 running in system mode. (+PAM +AUDIT +SELINUX +IMA +APPARMOR +SMACK +SYSVINIT +UTMP +LIBCRYPTSETUP +GCRYPT +GNUTLS +ACL +XZ -LZ4 +SECCOMP +BLKID +ELFUTILS +KMOD -IDN)
[   24.363216] systemd[1]: Detected virtualization oracle.
[   24.379233] systemd[1]: Detected architecture x86-64.

Welcome to [1mUbuntu 16.04.3 LTS[0m!

[   24.432195] systemd[1]: Set hostname to <ubuntu-xenial>.
[   24.493431] random: nonblocking pool is initialized
[   24.843392] systemd[1]: Listening on Journal Socket.
[[0;32m  OK  [0m] Listening on Journal Socket.
[   24.881766] systemd[1]: Started Forward Password Requests to Wall Directory Watch.
[[0;32m  OK  [0m] Started Forward Password Requests to Wall Directory Watch.
[   25.029658] systemd[1]: Reached target User and Group Name Lookups.
[[0;32m  OK  [0m] Reached target User and Group Name Lookups.
[   25.095342] systemd[1]: Started Trigger resolvconf update for networkd DNS.
[[0;32m  OK  [0m] Started Trigger resolvconf update for networkd DNS.
[   25.189949] systemd[1]: Listening on udev Kernel Socket.
[[0;32m  OK  [0m] Listening on udev Kernel Socket.
[   25.317484] systemd[1]: Reached target Encrypted Volumes.
[[0;32m  OK  [0m] Reached target Encrypted Volumes.
[   25.417599] systemd[1]: Listening on /dev/initctl Compatibility Named Pipe.
[[0;32m  OK  [0m] Listening on /dev/initctl Compatibility Named Pipe.
[   25.545703] systemd[1]: Listening on Journal Audit Socket.
[[0;32m  OK  [0m] Listening on Journal Audit Socket.
[   25.742570] systemd[1]: Created slice System Slice.
[[0;32m  OK  [0m] Created slice System Slice.
[   25.875194] systemd[1]: Starting Set console keymap...
         Starting Set console keymap...
[   25.976726] systemd[1]: Starting Uncomplicated firewall...
         Starting Uncomplicated firewall...
[   26.066115] systemd[1]: Starting Create list of required static device nodes for the current kernel...
         Starting Create list of required st... nodes for the current kernel...
[   26.143554] systemd[1]: Starting Load Kernel Modules...
         Startin[   26.164235] Loading iSCSI transport class v2.0-870.
g Load Kernel Modules...
[   26.307962] iscsi: registered transport (tcp)
[   26.345541] systemd[1]: Starting Remount Root and Kernel File Systems...
[   26.441550] EXT4-fs (sda1): re-mounted. Opts: (null)
         Starting Remount Root and Kernel File Systems...
[   26.574670] systemd[1]: Mounting POSIX Message Queue File System...
         Mounting POSIX Message Queue File System...
[   26.636437] systemd[1]: Listening on udev Control Socket.
[[0;32m  OK  [0m] Listening on udev Control Socket.
[   26.650950] systemd[1]: Created slice User and Session Slice.
[[0;32m  OK  [0m] Created slice User and Sessi[   26.687809] iscsi: registered transport (iser)
on Slice.
[   26.713845] systemd[1]: Listening on LVM2 poll daemon socket.
[[0;32m  OK  [0m] Listening on LVM2 poll daemon socket.
[   26.752240] systemd[1]: Listening on Device-mapper event daemon FIFOs.
[[0;32m  OK  [0m] Listening on Device-mapper event daemon FIFOs.
[   26.811334] systemd[1]: Created slice system-serial\x2dgetty.slice.
[[0;32m  OK  [0m] Created slice system-serial\x2dgetty.slice.
[   26.826103] systemd[1]: Reached target Swap.
[[0;32m  OK  [0m] Reached target Swap.
[   26.853468] systemd[1]: Starting Nameserver information manager...
         Starting Nameserver information manager...
[   26.925665] systemd[1]: Mounting Huge Pages File System...
         Mounting Huge Pages File System...
[   27.013412] systemd[1]: Mounting Debug File System...
         Mounting Debug File System...
[   27.032059] systemd[1]: Listening on LVM2 metadata daemon socket.
[[0;32m  OK  [0m] Listening on LVM2 metadata daemon socket.
[   27.085818] systemd[1]: Starting Monitoring of LVM2 mirrors, snapshots etc. using dmeventd or progress polling...
         Starting Monitoring of LVM2 mirrors... dmeventd or progress polling...
[   27.151355] systemd[1]: Listening on Syslog Socket.
[[0;32m  OK  [0m] Listening on Syslog Socket.
[   27.184699] systemd[1]: Set up automount Arbitrary Executable File Formats File System Automount Point.
[[0;32m  OK  [0m] Set up automount Arbitrary Executab...ats File System Automount Point.
[   27.265930] systemd[1]: Listening on Journal Socket (/dev/log).
[[0;32m  OK  [0m] Listening on Journal Socket (/dev/log).
[   27.337622] systemd[1]: Starting Journal Service...
         Starting Journal Service...
[   27.410097] systemd[1]: Reached target Slices.
[[0;32m  OK  [0m] Reached target Slices.
[   27.479506] systemd[1]: Mounted POSIX Message Queue File System.
[[0;32m  OK  [0m] Mounted POSIX Message Queue File System.
[   27.565848] systemd[1]: Mounted Debug File System.
[[0;32m  OK  [0m] Mounted Debug File System.
[   27.704061] systemd[1]: Mounted Huge Pages File System.
[[0;32m  OK  [0m] Mounted Huge Pages File System.
[   27.866120] systemd[1]: Started Journal Service.
[[0;32m  OK  [0m] Started Journal Service.
[[0;32m  OK  [0m] Started Set console keymap.
[[0;32m  OK  [0m] Started Uncomplicated firewall.
[[0;32m  OK  [0m] Started Create list of required sta...ce nodes for the current kernel.
[[0;32m  OK  [0m] Started Load Kernel Modules.
[[0;32m  OK  [0m] Started Remount Root and Kernel File Systems.
[[0;32m  OK  [0m] Started Nameserver information manager.
[[0;32m  OK  [0m] Started LVM2 metadata daemon.
         Starting Initial cloud-init job (pre-networking)...
         Starting Load/Save Random Seed...
         Starting udev Coldplug all Devices...
         Starting Apply Kernel Variables...
         Mounting FUSE Control File System...
         Starting Create Static Device Nodes in /dev...
         Starting Flush Journal to Persistent Storage...
[[0;32m  OK  [0m] Mounted FUSE Control File System.
[[0;32m  OK  [0m] Started Monitoring of LVM2 mirrors,...ng dmeventd or progress polling.
[[0;32m  OK  [0m] Started Load/Save Random Seed.
[[0;32m  OK  [0m] Started Apply Kernel Variables.
[[0;32m  OK  [0m] Started Create Static Device Nodes in /dev.
[[0;32m  OK  [0m] Started udev Coldplug all Devices.
[[0;32m  OK  [0m] Started Flush Journal to Persistent Storage.
         Starting udev Kernel Device Manager...
[[0;32m  OK  [0m] Started udev Kernel Device Manager.
[[0;32m  OK  [0m] Started Dispatch Password Requests to Console Directory Watch.
[[0;32m  OK  [0m] Reached target Local File Systems (Pre).
[[0;32m  OK  [0m] Reached target Local File Systems.
         Starting Create Volatile Files and Directories...
         Starting Set console font and keymap...
         Starting LSB: AppArmor initialization...
         Starting Tell Plymouth To Write Out Runtime Data...
[[0;32m  OK  [0m] Started Create Volatile Files and Directories.
[   24.845238] [cloud-init[0;32m  OK  [0m[495]: ] Cloud-init v. 17.1 running 'init-local' at Mon, 19 Feb 2018 00:13:23 +0000. Up 24.23 seconds.Started Tell Plymouth To Write Out Runtime Data.

[[0;32m  OK  [0m] Found device /dev/ttyS0.
[[0;32m  OK  [0m] Started Initial cloud-init job (pre-networking).
[[0;32m  OK  [0m] Started LSB: AppArmor initialization.
[[0;32m  OK  [0m] Listening on Load/Save RF Kill Switch Status /dev/rfkill Watch.
[[0;32m  OK  [0m] Reached target Network (Pre).
         Starting Raise network interfaces...
[[0;32m  OK  [0m] Started ifup for enp0s3.
[[0;32m  OK  [0m] Reached target System Time Synchronized.
         Starting Update UTMP about System Boot/Shutdown...
[[0;32m  OK  [0m] Started Set console font and keymap.
[[0;32m  OK  [0m] Created slice system-getty.slice.
[[0;32m  OK  [0m] Started Update UTMP about System Boot/Shutdown.
[[0;32m  OK  [0m] Started Raise network interfaces.
         Starting Initial cloud-init job (metadata service crawler)...
[[0;32m  OK  [0m] Reached target Network.
[   27.390337] cloud-init[1046]: Cloud-init v. 17.1 running 'init' at Mon, 19 Feb 2018 00:13:25 +0000. Up 26.98 seconds.
[   27.492940] cloud-init[1046]: ci-info: +++++++++++++++++++++++++++++++++++++Net device info++++++++++++++++++++++++++++++++++++++
[   27.493543] cloud-init[1046]: ci-info: +--------+------+----------------------------+---------------+-------+-------------------+
[[0;32m  OK  [0m] Started Initial cloud-init job (metadata service crawler).
[   27.493911] cloud-init[1046]: ci-info: | Device |  Up  |          Address           |      Mask     | Scope |     Hw-Address    |
[   27.812594] cloud-init[1046]: ci-info: +--------+------+----------------------------+---------------+-------+-------------------+
[   27.812963] cloud-init[1046]: ci-info: | enp0s3 | True |         10.0.2.15          | 255.255.255.0 |   .   | 02:66:2d:c5:e5:fb |
[[0;32m  OK  [0m] Reached target Cloud-config availability.
[   27.813161] cloud-init[1046]: ci-info: | enp0s3 | True | fe80::66:2dff:fec5:e5fb/64 |       .       |  link | 02:66:2d:c5:e5:fb |
[   28.093427] cloud-init[1046]: ci-info: |   lo   | True |         127.0.0.1          |   255.0.0.0   |   .   |         .         |
[[0;32m  OK  [0m] Reached target System Initialization.
[   28.093665] cloud-init[1046]: ci-info: |   lo   | True |          ::1/128           |       .       |  host |         .         |
[   28.452324] cloud-init[1046]: ci-info: +--------+------+----------------------------+---------------+-------+-------------------+
[   28.452822] cloud-init[1046]: ci-info: +++++++++++++++++++++++++++Route IPv4 info++++++++++++++++++++++++++++
[[0;32m  OK  [0m] Started Timer to automatically refresh installed snaps.
[[0;32m  OK  [0m[   28.453059] ] cloud-initListening on D-Bus System Message Bus Socket.
[1046]: ci-info: +-------+-------------+----------+---------------+-----------+-------+
[   28.768667] cloud-init[1046]: ci-info: | Route | Destination | Gateway  |    Genmask    | Interface | Flags |
[   28.770311] cloud-init[1046]: ci-info: +-------+-------------+----------+---------------+-----------+-------+
[   28.771262] cloud-init[1046]: ci-info: |   0   |   0.0.0.0   | 10.0.2.2 |    0.0.0.0    |   enp0s3  |   UG  |
[   28.775926] cloud-init[1046]: ci-info: |   1   |   10.0.2.0  | 0.0.0.0  | 255.255.255.0 |   enp0s3  |   U   |
[   28.776079] cloud-init[1046]: ci-info: +-------+-------------+----------+---------------+-----------+-------+
[[0;32m  OK  [0m] Listening on UUID daemon activation socket.
[[0;32m  OK  [0m] Listening on ACPID Listen Socket.
[[0;32m  OK  [0m] Started ACPI Events Check.
[[0;32m  OK  [0m] Reached target Paths.
         Starting Socket activation for snappy daemon.
         Starting LXD - unix socket.
[[0;32m  OK  [0m] Started Daily apt download activities.
[[0;32m  OK  [0m] Started Daily apt upgrade and clean activities.
[[0;32m  OK  [0m] Started Daily Cleanup of Temporary Directories.
[[0;32m  OK  [0m] Reached target Timers.
[[0;32m  OK  [0m] Reached target Network is Online.
         Starting iSCSI initiator daemon (iscsid)...
[[0;32m  OK  [0m] Listening on Socket activation for snappy daemon.
[[0;32m  OK  [0m] Listening on LXD - unix socket.
[[0;32m  OK  [0m] Reached target Sockets.
[[0;32m  OK  [0m] Reached target Basic System.
         Starting Login Service...
         Starting /etc/rc.local Compatibility...
[[0;32m  OK  [0m] Started Unattended Upgrades Shutdown.
[[0;32m  OK  [0m] Started FUSE filesystem for LXC.
[[0;32m  OK  [0m] Started Regular background program processing daemon.
         Starting LSB: Record successful boot for GRUB...
         Starting Accounts Service...
         Starting LSB: MD monitoring daemon...
[[0;32m  OK  [0m] Started Deferred execution scheduler.
         Starting Snappy daemon...
         Starting System Logging Service...
[[0;32m  OK  [0m] Started D-Bus System Message Bus.
         Starting OpenBSD Secure Shell server...
         Starting Apply the settings specified in cloud-config...
         Starting LXD - container startup/shutdown...
[[0;32m  OK  [0m] Started ACPI event daemon.
[[0;32m  OK  [0m] Started System Logging Service.
[[0;32m  OK  [0m] Started Snappy daemon.
[[0;32m  OK  [0m] Started OpenBSD Secure Shell server.
[[0;32m  OK  [0m] Started iSCSI initiator daemon (iscsid).
[[0;32m  OK  [0m] Started /etc/rc.local Compatibility.
[[0;32m  OK  [0m] Started LXD - container startup/shutdown.
[[0;32m  OK  [0m] Started LSB: Record successful boot for GRUB.
[[0;32m  OK  [0m] Started LSB: MD monitoring daemon.
[[0;32m  OK  [0m] Started Login Service.
         Starting Authenticate and Authorize Users to Run Privileged Tasks...
         Starting Login to default iSCSI targets...
[[0;32m  OK  [0m] Started Authenticate and Authorize Users to Run Privileged Tasks.
[[0;32m  OK  [0m] Started Accounts Service.
[[0;32m  OK  [0m] Started Login to default iSCSI targets.
[   31.961568] cloud-init[1150]: Cloud-init v. 17.1 running 'modules:config' at Mon, 19 Feb 2018 00:13:30 +0000. Up 31.57 seconds.
[[0;32m  OK  [0m] Reached target Remote File Systems (Pre).
[[0;32m  OK  [0m] Reached target Remote File Systems.
         Starting LSB: Set the CPU Frequency Scaling governor to "ondemand"...
         Starting LSB: automatic crash report generation...
         Starting LSB: daemon to balance interrupts for SMP systems...
         Starting LSB: VirtualBox Linux Additions...
         Starting Permit User Sessions...
[[0;32m  OK  [0m] Started Apply the settings specified in cloud-config.
[[0;32m  OK  [0m] Started Permit User Sessions.
[[0;32m  OK  [0m] Started LSB: Set the CPU Frequency Scaling governor to "ondemand".
[[0;32m  OK  [0m] Started LSB: automatic crash report generation.
[[0;32m  OK  [0m] Started LSB: daemon to balance interrupts for SMP systems.
         Starting Terminate Plymouth Boot Screen...
         Starting Hold until boot process finishes up...
[[0;32m  OK  [0m] Started Terminate Plymouth Boot Screen.
[[0;32m  OK  [0m] Started LSB: VirtualBox Linux Additions.
[[0;32m  OK  [0m] Started Hold until boot process finishes up.
[[0;32m  OK  [0m] Started Getty on tty1.
         Starting Set console scheme...
[[0;32m  OK  [0m] Started Serial Getty on ttyS0.
[[0;32m  OK  [0m] Reached target Login Prompts.
[[0;32m  OK  [0m] Reached target Multi-User System.
         Starting Execute cloud user/final scripts...
[[0;32m  OK  [0m] Reached target Graphical Interface.
         Starting Update UTMP about System Runlevel Changes...
[[0;32m  OK  [0m] Started Set console scheme.
[[0;32m  OK  [0m] Created slice User Slice of vagrant.
         Starting User Manager for UID 1000...
[[0;32m  OK  [0m] Started Session 1 of user vagrant.
[[0;32m  OK  [0m] Started User Manager for UID 1000.
[[0;32m  OK  [0m] Started Update UTMP about System Runlevel Changes.
[   33.937734] cloud-init[1282]: Cloud-init v. 17.1 running 'modules:final' at Mon, 19 Feb 2018 00:13:32 +0000. Up 33.72 seconds.
[   34.044642] cloud-init[1282]: Cloud-init v. 17.1 finished at Mon, 19 Feb 2018 00:13:32 +0000. Datasource DataSourceNoCloud [seed=/dev/sdb][dsmode=net].  Up 33.92 seconds
[[0;32m  OK  [0m] Started Execute cloud user/final scripts.
[[0;32m  OK  [0m] Reached target Cloud-init target.

Ubuntu 16.04.3 LTS ubuntu-xenial ttyS0

ubuntu-xenial login:          Stopping Authenticater[[0;32m  OK  [0m] Stopped Apply the settings specified in cloud-config.
[[0;32m  OK  [0m] Stopped target Cloud-config availability.
         Stopping LSB: VirtualBox Linux Additions...
[[0;32m  OK  [0m] Unmounted /var/lib/lxcfs.
[[0;32m  OK  [0m] Stopped Regular background program processing daemon.
[[0;32m  OK  [0m] Stopped Accounts Service.
[[0;32m  OK  [0m] Stopped Deferred execution scheduler.
[[0;32m  OK  [0m] Stopped Snappy daemon.
[[0;32m  OK  [0m] Stopped System Logging Service.
[[0;32m  OK  [0m] Stopped OpenBSD Secure Shell server.
[[0;32m  OK  [0m] Stopped ACPI event daemon.
[[0;32m  OK  [0m] Stopped Authenticate and Authorize Users to Run Privileged Tasks.
[[0;32m  OK  [0m] Stopped Getty on tty1.
[[0;32m  OK  [0m] Stopped Serial Getty on ttyS0.
[[0;32m  OK  [0m] Stopped User Manager for UID 1000.
[[0;32m  OK  [0m] Stopped D-Bus System Message Bus.
[[0;32m  OK  [0m] Stopped Unattended Upgrades Shutdown.
[[0;32m  OK  [0m] Stopped Session 2 of user vagrant.
[[0;32m  OK  [0m] Stopped FUSE filesystem for LXC.
[[0;32m  OK  [0m] Stopped LSB: MD monitoring daemon.
[[0;32m  OK  [0m] Stopped LSB: Set the CPU Frequency Scaling governor to "ondemand".
[[0;32m  OK  [0m] Stopped LSB: automatic crash report generation.
[[0;32m  OK  [0m] Stopped LSB: daemon to balance interrupts for SMP systems.
[[0;32m  OK  [0m] Stopped LSB: Record successful boot for GRUB.
[[0;32m  OK  [0m] Stopped LXD - container startup/shutdown.
[[0;32m  OK  [0m] Stopped LSB: VirtualBox Linux Additions.
[[0;32m  OK  [0m] Removed slice User Slice of vagrant.
         Stopping Login Service...
[[0;32m  OK  [0m] Removed slice system-serial\x2dgetty.slice.
         Stopping Permit User Sessions...
[[0;32m  OK  [0m] Stopped /etc/rc.local Compatibility.
[[0;32m  OK  [0m] Removed slice system-getty.slice.
[[0;32m  OK  [0m] Stopped Login Service.
[[0;32m  OK  [0m] Stopped Permit User Sessions.
[[0;32m  OK  [0m] Stopped target Remote File Systems.
[[0;32m  OK  [0m] Stopped target Remote File Systems (Pre).
         Stopping Login to default iSCSI targets...
[[0;32m  OK  [0m] Stopped target User and Group Name Lookups.
[[0;32m  OK  [0m] Stopped target Basic System.
[[0;32m  OK  [0m] Stopped target Sockets.
[[0;32m  OK  [0m] Closed UUID daemon activation socket.
[[0;32m  OK  [0m] Closed Syslog Socket.
[[0;32m  OK  [0m] Closed LXD - unix socket.
[[0;32m  OK  [0m] Closed Socket activation for snappy daemon.
[[0;32m  OK  [0m] Closed ACPID Listen Socket.
[[0;32m  OK  [0m] Stopped target Slices.
[[0;32m  OK  [0m] Stopped target Paths.
[[0;32m  OK  [0m] Stopped Dispatch Password Requests to Console Directory Watch.
[[0;32m  OK  [0m] Stopped ACPI Events Check.
[[0;32m  OK  [0m] Stopped Forward Password Requests to Wall Directory Watch.
[[0;32m  OK  [0m] Closed D-Bus System Message Bus Socket.
[[0;32m  OK  [0m] Removed slice User and Session Slice.
[[0;32m  OK  [0m] Stopped target System Initialization.
[[0;32m  OK  [0m] Stopped target Swap.
         Stopping Load/Save Random Seed...
[[0;32m  OK  [0m] Stopped target Encrypted Volumes.
[[0;32m  OK  [0m] Stopped Create Volatile Files and Directories.
[[0;32m  OK  [0m] Stopped Load/Save Random Seed.
[[0;32m  OK  [0m] Stopped Login to default iSCSI targets.
         Stopping iSCSI initiator daemon (iscsid)...
[[0;32m  OK  [0m] Stopped iSCSI initiator daemon (iscsid).
[[0;32m  OK  [0m] Stopped target Network is Online.
[[0;32m  OK  [0m] Stopped Initial cloud-init job (metadata service crawler).
[[0;32m  OK  [0m] Stopped target Network.
         Stopping Raise network interfaces...
[[0;32m  OK  [0m] Stopped Raise network interfaces.
[[0;32m  OK  [0m] Stopped target Network (Pre).
[[0;32m  OK  [0m] Stopped Initial cloud-init job (pre-networking).
[[0;32m  OK  [0m] Stopped target Local File Systems.
         Unmounting /vagrant...
         Unmounting /run/user/1000...
[[0;32m  OK  [0m] Stopped Apply Kernel Variables.
[[0;32m  OK  [0m] Stopped Load Kernel Modules.
[[0;32m  OK  [0m] Unmounted /vagrant.
[[0;32m  OK  [0m] Unmounted /run/user/1000.
[[0;32m  OK  [0m] Reached target Unmount All Filesystems.
[[0;32m  OK  [0m] Stopped target Local File Systems (Pre).
[[0;32m  OK  [0m] Stopped Remount Root and Kernel File Systems.
         Stopping Monitoring of LVM2 mirrors... dmeventd or progress polling...
[[0;32m  OK  [0m] Stopped Create Static Device Nodes in /dev.
[[0;32m  OK  [0m] Reached target Shutdown.
[   57.004941] reboot: Power down